<?xml version="1.0" encoding="UTF-8"?>
<testng-results ignored="0" total="5" passed="5" failed="0" skipped="0">
  <reporter-output>
  </reporter-output>
  <suite started-at="2024-06-19T21:04:37 IST" name="ReqRes API Test Suite" finished-at="2024-06-19T21:07:44 IST" duration-ms="187170">
    <groups>
      <group name="cucumber">
        <method signature="AbstractTestNGCucumberTests.runScenario(io.cucumber.testng.PickleWrapper,io.cucumber.testng.FeatureWrapper)[pri:0, instance:runner.TestRunner@6c1a5b54]" name="runScenario" class="io.cucumber.testng.AbstractTestNGCucumberTests"/>
      </group> <!-- cucumber -->
    </groups>
    <test started-at="2024-06-19T21:04:37 IST" name="ReqRes API Tests" finished-at="2024-06-19T21:07:44 IST" duration-ms="187170">
      <class name="runner.TestRunner">
        <test-method is-config="true" signature="setUpClass(org.testng.ITestContext)[pri:0, instance:runner.TestRunner@6c1a5b54]" started-at="2024-06-19T21:04:37 IST" name="setUpClass" finished-at="2024-06-19T21:04:43 IST" duration-ms="5955" status="PASS">
          <params>
            <param index="0">
              <value>
                <![CDATA[org.testng.TestRunner@6878e49e]]>
              </value>
            </param>
          </params>
          <reporter-output>
          </reporter-output>
        </test-method> <!-- setUpClass -->
        <test-method signature="runScenario(io.cucumber.testng.PickleWrapper,io.cucumber.testng.FeatureWrapper)[pri:0, instance:runner.TestRunner@6c1a5b54]" started-at="2024-06-19T21:04:43 IST" name="runScenario" description="Runs Cucumber Scenarios" data-provider="scenarios" finished-at="2024-06-19T21:04:51 IST" duration-ms="8242" status="PASS">
          <params>
            <param index="0">
              <value>
                <![CDATA["Logging in and storing session data"]]>
              </value>
            </param>
            <param index="1">
              <value>
                <![CDATA["Data Generation"]]>
              </value>
            </param>
          </params>
          <reporter-output>
          </reporter-output>
        </test-method> <!-- runScenario -->
        <test-method signature="runScenario(io.cucumber.testng.PickleWrapper,io.cucumber.testng.FeatureWrapper)[pri:0, instance:runner.TestRunner@6c1a5b54]" started-at="2024-06-19T21:04:51 IST" name="runScenario" description="Runs Cucumber Scenarios" data-provider="scenarios" finished-at="2024-06-19T21:06:32 IST" duration-ms="100537" status="PASS">
          <params>
            <param index="0">
              <value>
                <![CDATA["Verifying the upper limit and canceling leaves"]]>
              </value>
            </param>
            <param index="1">
              <value>
                <![CDATA["Data Generation"]]>
              </value>
            </param>
          </params>
          <reporter-output>
          </reporter-output>
        </test-method> <!-- runScenario -->
        <test-method signature="runScenario(io.cucumber.testng.PickleWrapper,io.cucumber.testng.FeatureWrapper)[pri:0, instance:runner.TestRunner@6c1a5b54]" started-at="2024-06-19T21:06:32 IST" name="runScenario" description="Runs Cucumber Scenarios" data-provider="scenarios" finished-at="2024-06-19T21:07:17 IST" duration-ms="44693" status="PASS">
          <params>
            <param index="0">
              <value>
                <![CDATA["Hogwarts berozgar yojna"]]>
              </value>
            </param>
            <param index="1">
              <value>
                <![CDATA["Generative AI"]]>
              </value>
            </param>
          </params>
          <reporter-output>
          </reporter-output>
        </test-method> <!-- runScenario -->
        <test-method signature="runScenario(io.cucumber.testng.PickleWrapper,io.cucumber.testng.FeatureWrapper)[pri:0, instance:runner.TestRunner@6c1a5b54]" started-at="2024-06-19T21:07:17 IST" name="runScenario" description="Runs Cucumber Scenarios" data-provider="scenarios" finished-at="2024-06-19T21:07:29 IST" duration-ms="12485" status="PASS">
          <params>
            <param index="0">
              <value>
                <![CDATA["Generating basic authentication session"]]>
              </value>
            </param>
            <param index="1">
              <value>
                <![CDATA["Session generation"]]>
              </value>
            </param>
          </params>
          <reporter-output>
          </reporter-output>
        </test-method> <!-- runScenario -->
        <test-method signature="runScenario(io.cucumber.testng.PickleWrapper,io.cucumber.testng.FeatureWrapper)[pri:0, instance:runner.TestRunner@6c1a5b54]" started-at="2024-06-19T21:07:29 IST" name="runScenario" description="Runs Cucumber Scenarios" data-provider="scenarios" finished-at="2024-06-19T21:07:44 IST" duration-ms="14641" status="PASS">
          <params>
            <param index="0">
              <value>
                <![CDATA["Generating oauth session"]]>
              </value>
            </param>
            <param index="1">
              <value>
                <![CDATA["Session generation"]]>
              </value>
            </param>
          </params>
          <reporter-output>
          </reporter-output>
        </test-method> <!-- runScenario -->
        <test-method is-config="true" signature="tearDownClass()[pri:0, instance:runner.TestRunner@6c1a5b54]" started-at="2024-06-19T21:07:44 IST" name="tearDownClass" finished-at="2024-06-19T21:07:44 IST" duration-ms="586" status="PASS">
          <reporter-output>
          </reporter-output>
        </test-method> <!-- tearDownClass -->
      </class> <!-- runner.TestRunner -->
    </test> <!-- ReqRes API Tests -->
  </suite> <!-- ReqRes API Test Suite -->
</testng-results>
